<?xml version="1.0" encoding="UTF-8"?>
<!-- Generated by org.testng.reporters.JUnitXMLReporter -->
<testsuite hostname="DESKTOP-UODP211" name="Test" tests="25" failures="0" timestamp="12 Jun 2022 18:03:26 GMT" time="109.734" errors="0">
  <testcase name="Setup" time="6.969" classname="com.webapp.FoodBox_Testing.CustomerRegister"/>
  <testcase name="CustRegister" time="8.414" classname="com.webapp.FoodBox_Testing.CustomerRegister"/>
  <testcase name="TearDown" time="0.072" classname="com.webapp.FoodBox_Testing.CustomerRegister"/>
  <testcase name="Setup" time="6.12" classname="com.webapp.FoodBox_Testing.CustomerLogin"/>
  <testcase name="CustLoginFail" time="4.331" classname="com.webapp.FoodBox_Testing.CustomerLogin"/>
  <testcase name="CustLoginSuccess" time="6.427" classname="com.webapp.FoodBox_Testing.CustomerLogin"/>
  <testcase name="TearDown" time="0.074" classname="com.webapp.FoodBox_Testing.CustomerLogin"/>
  <testcase name="Setup" time="6.149" classname="com.webapp.FoodBox_Testing.AdminLogin"/>
  <testcase name="AdmLoginFail" time="4.309" classname="com.webapp.FoodBox_Testing.AdminLogin"/>
  <testcase name="AdmLoginSuccess" time="6.6" classname="com.webapp.FoodBox_Testing.AdminLogin"/>
  <testcase name="TearDown" time="0.067" classname="com.webapp.FoodBox_Testing.AdminLogin"/>
  <testcase name="Setup" time="6.093" classname="com.webapp.FoodBox_Testing.FoodPurchase"/>
  <testcase name="CustLoginSuccess" time="2.309" classname="com.webapp.FoodBox_Testing.FoodPurchase"/>
  <testcase name="ProductPage" time="2.057" classname="com.webapp.FoodBox_Testing.FoodPurchase"/>
  <testcase name="SearchBar" time="2.082" classname="com.webapp.FoodBox_Testing.FoodPurchase"/>
  <testcase name="SelectProd" time="6.261" classname="com.webapp.FoodBox_Testing.FoodPurchase"/>
  <testcase name="Cart" time="2.113" classname="com.webapp.FoodBox_Testing.FoodPurchase"/>
  <testcase name="CheckOut" time="6.984" classname="com.webapp.FoodBox_Testing.FoodPurchase"/>
  <testcase name="TearDown" time="0.069" classname="com.webapp.FoodBox_Testing.FoodPurchase"/>
  <testcase name="Setup" time="6.172" classname="com.webapp.FoodBox_Testing.AdminOperations"/>
  <testcase name="AdmLogin" time="5.173" classname="com.webapp.FoodBox_Testing.AdminOperations"/>
  <testcase name="ProductCreation" time="11.377" classname="com.webapp.FoodBox_Testing.AdminOperations"/>
  <testcase name="ProductUpdation" time="6.729" classname="com.webapp.FoodBox_Testing.AdminOperations"/>
  <testcase name="ProductDeletion" time="0.865" classname="com.webapp.FoodBox_Testing.AdminOperations"/>
  <testcase name="TearDown" time="1.88" classname="com.webapp.FoodBox_Testing.AdminOperations"/>
</testsuite> <!-- Test -->
