<?xml version="1.0" encoding="UTF-8"?>
<!-- Generated by org.testng.reporters.JUnitXMLReporter -->
<testsuite hostname="DESKTOP-UODP211" name="Test" tests="25" failures="0" timestamp="5 Jul 2022 06:41:00 GMT" time="122.2" errors="0">
  <testcase name="Setup" time="12.557" classname="com.webapp.FoodBox_Testing.CustomerRegister"/>
  <testcase name="CustRegister" time="8.794" classname="com.webapp.FoodBox_Testing.CustomerRegister"/>
  <testcase name="TearDown" time="0.107" classname="com.webapp.FoodBox_Testing.CustomerRegister"/>
  <testcase name="Setup" time="7.485" classname="com.webapp.FoodBox_Testing.CustomerLogin"/>
  <testcase name="CustLoginFail" time="4.795" classname="com.webapp.FoodBox_Testing.CustomerLogin"/>
  <testcase name="CustLoginSuccess" time="6.713" classname="com.webapp.FoodBox_Testing.CustomerLogin"/>
  <testcase name="TearDown" time="0.164" classname="com.webapp.FoodBox_Testing.CustomerLogin"/>
  <testcase name="Setup" time="6.609" classname="com.webapp.FoodBox_Testing.AdminLogin"/>
  <testcase name="AdmLoginFail" time="4.559" classname="com.webapp.FoodBox_Testing.AdminLogin"/>
  <testcase name="AdmLoginSuccess" time="6.853" classname="com.webapp.FoodBox_Testing.AdminLogin"/>
  <testcase name="TearDown" time="0.095" classname="com.webapp.FoodBox_Testing.AdminLogin"/>
  <testcase name="Setup" time="6.722" classname="com.webapp.FoodBox_Testing.FoodPurchase"/>
  <testcase name="CustLoginSuccess" time="2.596" classname="com.webapp.FoodBox_Testing.FoodPurchase"/>
  <testcase name="ProductPage" time="2.109" classname="com.webapp.FoodBox_Testing.FoodPurchase"/>
  <testcase name="SearchBar" time="2.139" classname="com.webapp.FoodBox_Testing.FoodPurchase"/>
  <testcase name="SelectProd" time="6.372" classname="com.webapp.FoodBox_Testing.FoodPurchase"/>
  <testcase name="Cart" time="2.175" classname="com.webapp.FoodBox_Testing.FoodPurchase"/>
  <testcase name="CheckOut" time="7.671" classname="com.webapp.FoodBox_Testing.FoodPurchase"/>
  <testcase name="TearDown" time="0.088" classname="com.webapp.FoodBox_Testing.FoodPurchase"/>
  <testcase name="Setup" time="6.551" classname="com.webapp.FoodBox_Testing.AdminOperations"/>
  <testcase name="AdmLogin" time="5.708" classname="com.webapp.FoodBox_Testing.AdminOperations"/>
  <testcase name="ProductCreation" time="11.802" classname="com.webapp.FoodBox_Testing.AdminOperations"/>
  <testcase name="ProductUpdation" time="6.666" classname="com.webapp.FoodBox_Testing.AdminOperations"/>
  <testcase name="ProductDeletion" time="0.892" classname="com.webapp.FoodBox_Testing.AdminOperations"/>
  <testcase name="TearDown" time="1.921" classname="com.webapp.FoodBox_Testing.AdminOperations"/>
</testsuite> <!-- Test -->
