<?xml version="1.0" encoding="UTF-8"?>
<!-- Generated by org.testng.reporters.JUnitXMLReporter -->
<testsuite hostname="DESKTOP-UODP211" name="Default test" tests="4" failures="0" timestamp="12 Jun 2022 15:51:37 GMT" time="25.26" errors="0">
  <testcase name="Setup" time="6.88" classname="com.webapp.FoodBox_Testing.AdminCreateOperation"/>
  <testcase name="AdmLogin" time="5.36" classname="com.webapp.FoodBox_Testing.AdminCreateOperation"/>
  <testcase name="ProductManagement" time="11.33" classname="com.webapp.FoodBox_Testing.AdminCreateOperation"/>
  <testcase name="TearDown" time="1.671" classname="com.webapp.FoodBox_Testing.AdminCreateOperation"/>
</testsuite> <!-- Default test -->
