<?xml version="1.0" encoding="UTF-8"?>
<!-- Generated by org.testng.reporters.JUnitXMLReporter -->
<testsuite hostname="DESKTOP-UODP211" name="Default test" tests="4" failures="0" timestamp="12 Jun 2022 06:56:02 GMT" time="24.494" errors="0">
  <testcase name="Setup" time="7.234" classname="com.webapp.FoodBox_Testing.CustomerLogin"/>
  <testcase name="CustLoginFail" time="4.524" classname="com.webapp.FoodBox_Testing.CustomerLogin"/>
  <testcase name="CustLoginSuccess" time="12.603" classname="com.webapp.FoodBox_Testing.CustomerLogin"/>
  <testcase name="TearDown" time="0.111" classname="com.webapp.FoodBox_Testing.CustomerLogin"/>
</testsuite> <!-- Default test -->
