<?xml version="1.0" encoding="UTF-8"?>
<testng-results skipped="0" failed="0" total="4" passed="4">
  <reporter-output>
  </reporter-output>
  <suite name="Default suite" duration-ms="19201" started-at="2022-06-12T07:34:49Z" finished-at="2022-06-12T07:35:09Z">
    <groups>
    </groups>
    <test name="Default test" duration-ms="19201" started-at="2022-06-12T07:34:49Z" finished-at="2022-06-12T07:35:09Z">
      <class name="com.webapp.FoodBox_Testing.AdminLogin">
        <test-method status="PASS" signature="Setup()[pri:8, instance:com.webapp.FoodBox_Testing.AdminLogin@5c7fa833]" name="Setup" duration-ms="7576" started-at="2022-06-12T13:04:49Z" description="[Setup] Home page" finished-at="2022-06-12T13:04:57Z">
          <reporter-output>
          </reporter-output>
        </test-method> <!-- Setup -->
        <test-method status="PASS" signature="AdmLoginFail()[pri:9, instance:com.webapp.FoodBox_Testing.AdminLogin@5c7fa833]" name="AdmLoginFail" duration-ms="4609" started-at="2022-06-12T13:04:57Z" description="[Login page] admin negative scenerio" finished-at="2022-06-12T13:05:02Z">
          <reporter-output>
          </reporter-output>
        </test-method> <!-- AdmLoginFail -->
        <test-method status="PASS" signature="AdmLoginSuccess()[pri:10, instance:com.webapp.FoodBox_Testing.AdminLogin@5c7fa833]" name="AdmLoginSuccess" duration-ms="6862" started-at="2022-06-12T13:05:02Z" description="[Login page] admin positive scenerio" finished-at="2022-06-12T13:05:09Z">
          <reporter-output>
          </reporter-output>
        </test-method> <!-- AdmLoginSuccess -->
        <test-method status="PASS" signature="TearDown()[pri:11, instance:com.webapp.FoodBox_Testing.AdminLogin@5c7fa833]" name="TearDown" duration-ms="127" started-at="2022-06-12T13:05:09Z" description=" Login page close" finished-at="2022-06-12T13:05:09Z">
          <reporter-output>
          </reporter-output>
        </test-method> <!-- TearDown -->
      </class> <!-- com.webapp.FoodBox_Testing.AdminLogin -->
    </test> <!-- Default test -->
  </suite> <!-- Default suite -->
</testng-results>
